AH00558: apache2: Could not reliably determine the server's fully qualified domain name, using 172.18.0.3. Set the 'ServerName' directive globally to suppress this message
[Thu Mar 09 19:06:37.955543 2023] [mpm_prefork:notice] [pid 1] AH00163: Apache/2.4.38 (Debian) PHP/8.2.3 OpenSSL/1.1.1n configured -- resuming normal operations
[Thu Mar 09 19:06:37.955565 2023] [core:notice] [pid 1] AH00094: Command line: 'apache2 -D FOREGROUND'
[Thu Mar 09 19:08:37.387041 2023] [autoindex:error] [pid 17] [client 172.18.0.1:33484] AH01276: Cannot serve directory /var/www/html/: No matching DirectoryIndex (index.php,index.html) found, and server-generated directory index forbidden by Options directive
[Thu Mar 09 19:08:48.652429 2023] [mpm_prefork:notice] [pid 1] AH00170: caught SIGWINCH, shutting down gracefully
AH00558: apache2: Could not reliably determine the server's fully qualified domain name, using 172.19.0.3. Set the 'ServerName' directive globally to suppress this message
[Thu Mar 09 19:11:29.713339 2023] [mpm_prefork:notice] [pid 1] AH00163: Apache/2.4.38 (Debian) OpenSSL/1.1.1n configured -- resuming normal operations
[Thu Mar 09 19:11:29.713375 2023] [core:notice] [pid 1] AH00094: Command line: 'apache2 -D FOREGROUND'
[Thu Mar 09 21:49:49.975715 2023] [mpm_prefork:notice] [pid 1] AH00170: caught SIGWINCH, shutting down gracefully
AH00558: apache2: Could not reliably determine the server's fully qualified domain name, using 172.19.0.3. Set the 'ServerName' directive globally to suppress this message
[Thu Mar 09 22:00:22.431124 2023] [mpm_prefork:notice] [pid 1] AH00163: Apache/2.4.38 (Debian) OpenSSL/1.1.1n configured -- resuming normal operations
[Thu Mar 09 22:00:22.431153 2023] [core:notice] [pid 1] AH00094: Command line: 'apache2 -D FOREGROUND'
[Thu Mar 09 22:07:22.956675 2023] [mpm_prefork:notice] [pid 1] AH00170: caught SIGWINCH, shutting down gracefully
AH00558: apache2: Could not reliably determine the server's fully qualified domain name, using 172.19.0.3. Set the 'ServerName' directive globally to suppress this message
[Fri Mar 10 12:18:19.361401 2023] [mpm_prefork:notice] [pid 1] AH00163: Apache/2.4.38 (Debian) OpenSSL/1.1.1n configured -- resuming normal operations
[Fri Mar 10 12:18:19.361440 2023] [core:notice] [pid 1] AH00094: Command line: 'apache2 -D FOREGROUND'
[Sat Mar 11 00:33:41.732494 2023] [mpm_prefork:notice] [pid 1] AH00170: caught SIGWINCH, shutting down gracefully
AH00558: apache2: Could not reliably determine the server's fully qualified domain name, using 172.19.0.3. Set the 'ServerName' directive globally to suppress this message
[Sat Mar 11 12:18:19.041703 2023] [mpm_prefork:notice] [pid 1] AH00163: Apache/2.4.38 (Debian) OpenSSL/1.1.1n configured -- resuming normal operations
[Sat Mar 11 12:18:19.041751 2023] [core:notice] [pid 1] AH00094: Command line: 'apache2 -D FOREGROUND'
[Sat Mar 11 21:01:44.417609 2023] [mpm_prefork:notice] [pid 1] AH00170: caught SIGWINCH, shutting down gracefully
AH00558: apache2: Could not reliably determine the server's fully qualified domain name, using 172.18.0.3. Set the 'ServerName' directive globally to suppress this message
[Sat Mar 11 21:01:52.137543 2023] [mpm_prefork:notice] [pid 1] AH00163: Apache/2.4.38 (Debian) OpenSSL/1.1.1n configured -- resuming normal operations
[Sat Mar 11 21:01:52.137580 2023] [core:notice] [pid 1] AH00094: Command line: 'apache2 -D FOREGROUND'
[Sat Mar 11 22:33:36.284027 2023] [mpm_prefork:notice] [pid 1] AH00170: caught SIGWINCH, shutting down gracefully
AH00558: apache2: Could not reliably determine the server's fully qualified domain name, using 172.18.0.3. Set the 'ServerName' directive globally to suppress this message
[Sun Mar 12 13:41:59.886627 2023] [mpm_prefork:notice] [pid 1] AH00163: Apache/2.4.38 (Debian) OpenSSL/1.1.1n configured -- resuming normal operations
[Sun Mar 12 13:41:59.886647 2023] [core:notice] [pid 1] AH00094: Command line: 'apache2 -D FOREGROUND'
[Sun Mar 12 15:29:17.462440 2023] [mpm_prefork:notice] [pid 1] AH00170: caught SIGWINCH, shutting down gracefully
AH00558: apache2: Could not reliably determine the server's fully qualified domain name, using 172.18.0.3. Set the 'ServerName' directive globally to suppress this message
[Mon Mar 13 10:24:25.491482 2023] [mpm_prefork:notice] [pid 1] AH00163: Apache/2.4.38 (Debian) OpenSSL/1.1.1n configured -- resuming normal operations
[Mon Mar 13 10:24:25.491503 2023] [core:notice] [pid 1] AH00094: Command line: 'apache2 -D FOREGROUND'
[Mon Mar 13 10:44:54.528255 2023] [mpm_prefork:notice] [pid 1] AH00170: caught SIGWINCH, shutting down gracefully
AH00558: apache2: Could not reliably determine the server's fully qualified domain name, using 172.18.0.3. Set the 'ServerName' directive globally to suppress this message
[Mon Mar 13 15:08:17.574791 2023] [mpm_prefork:notice] [pid 1] AH00163: Apache/2.4.38 (Debian) OpenSSL/1.1.1n configured -- resuming normal operations
[Mon Mar 13 15:08:17.574820 2023] [core:notice] [pid 1] AH00094: Command line: 'apache2 -D FOREGROUND'
[Mon Mar 13 17:04:16.616806 2023] [mpm_prefork:notice] [pid 1] AH00170: caught SIGWINCH, shutting down gracefully
AH00558: apache2: Could not reliably determine the server's fully qualified domain name, using 172.18.0.3. Set the 'ServerName' directive globally to suppress this message
[Mon Mar 13 18:50:59.934851 2023] [mpm_prefork:notice] [pid 1] AH00163: Apache/2.4.38 (Debian) OpenSSL/1.1.1n configured -- resuming normal operations
[Mon Mar 13 18:50:59.934883 2023] [core:notice] [pid 1] AH00094: Command line: 'apache2 -D FOREGROUND'
